[254月2026 19:58:19.862] [main/INFO] [cpw.mods.modlauncher.Launcher/MODLAUNCHER]: ModLauncher running: args [--launchTarget, forgeclientdev, --version, 21.1.227, --assetIndex, 17, --assetsDir, /home/tkisor/.gradle/caches/neoformruntime/assets, --gameDir, ., --fml.fmlVersion, 4.0.42, --fml.mcVersion, 1.21.1, --fml.neoForgeVersion, 21.1.227, --fml.neoFormVersion, 20240808.144430]
[254月2026 19:58:19.867] [main/INFO] [cpw.mods.modlauncher.Launcher/MODLAUNCHER]: JVM identified as Eclipse Adoptium OpenJDK 64-Bit Server VM 21.0.10+7-LTS
[254月2026 19:58:19.871] [main/INFO] [cpw.mods.modlauncher.Launcher/MODLAUNCHER]: ModLauncher 11.0.5+main.901c6ea8 starting: java version 21.0.10 by Eclipse Adoptium; OS Linux arch amd64 version 6.19.11-zen1-1-zen
[254月2026 19:58:19.970] [main/INFO] [net.neoforged.fml.loading.ImmediateWindowHandler/]: Loading ImmediateWindowProvider fmlearlywindow
[254月2026 19:58:20.052] [main/INFO] [EARLYDISPLAY/]: Trying GL version 4.6
[254月2026 19:58:20.176] [main/INFO] [EARLYDISPLAY/]: Requested GL version 4.6 got version 4.6
[254月2026 19:58:20.220] [main/INFO] [mixin/]: SpongePowered MIXIN Subsystem Version=0.8.7 Source=union:/home/tkisor/.gradle/caches/modules-2/files-2.1/net.fabricmc/sponge-mixin/0.15.2+mixin.0.8.7/2af2f021d8e02a0220dc27a7a72b4666d66d44ca/sponge-mixin-0.15.2+mixin.0.8.7.jar%23126!/ Service=ModLauncher Env=CLIENT
[254月2026 19:58:20.334] [pool-2-thread-1/INFO] [EARLYDISPLAY/]: GL info: NVIDIA GeForce RTX 3060 Laptop GPU/PCIe/SSE2 GL version 4.6.0 NVIDIA 595.58.03, NVIDIA Corporation
[254月2026 19:58:20.419] [main/INFO] [net.neoforged.fml.loading.moddiscovery.locators.JarInJarDependencyLocator/]: Found 2 dependencies adding them to mods collection
[254月2026 19:58:20.420] [main/INFO] [net.neoforged.fml.loading.moddiscovery.ModDiscoverer/]: 
     Mod List:
		Name Version (Mod Id)

		GraalMC 25.0.2.2 (graalmc)
		Just Enough Items 19.27.0.340 (jei)
		Minecraft 1.21.1 (minecraft)
		NekoJS 1.0.7 (nekojs)
		NeoForge 21.1.227 (neoforge)
[254月2026 19:58:20.872] [main/INFO] [mixin/]: Compatibility level set to JAVA_21
[254月2026 19:58:20.881] [main/INFO] [cpw.mods.modlauncher.LaunchServiceHandler/MODLAUNCHER]: Launching target 'forgeclientdev' with arguments [--version, 21.1.227, --gameDir, ., --assetsDir, /home/tkisor/.gradle/caches/neoformruntime/assets, --assetIndex, 17]
[254月2026 19:58:21.877] [Datafixer Bootstrap/INFO] [com.mojang.datafixers.DataFixerBuilder/]: 229 Datafixer optimizations took 146 milliseconds
[254月2026 19:58:22.056] [pool-9-thread-1/INFO] [MixinExtras|Service/]: Initializing MixinExtras via com.llamalad7.mixinextras.service.MixinExtrasServiceImpl(version=0.5.3).
[254月2026 19:58:24.602] [main/WARN] [net.minecraft.commands.Commands/]: Ambiguity between arguments [teleport, location] and [teleport, destination] with inputs: [0.1 -0.5 .9, 0 0 0]
[254月2026 19:58:24.603] [main/WARN] [net.minecraft.commands.Commands/]: Ambiguity between arguments [teleport, location] and [teleport, targets] with inputs: [0.1 -0.5 .9, 0 0 0]
[254月2026 19:58:24.604] [main/WARN] [net.minecraft.commands.Commands/]: Ambiguity between arguments [teleport, destination] and [teleport, targets] with inputs: [Player, 0123, @e, dd12be42-52a9-4a91-a8a1-11c01849e498]
[254月2026 19:58:24.605] [main/WARN] [net.minecraft.commands.Commands/]: Ambiguity between arguments [teleport, targets] and [teleport, destination] with inputs: [Player, 0123, dd12be42-52a9-4a91-a8a1-11c01849e498]
[254月2026 19:58:24.605] [main/WARN] [net.minecraft.commands.Commands/]: Ambiguity between arguments [teleport, targets, location] and [teleport, targets, destination] with inputs: [0.1 -0.5 .9, 0 0 0]
[254月2026 19:58:24.665] [Render thread/WARN] [net.minecraft.server.packs.VanillaPackResourcesBuilder/]: Assets URL 'union:/mnt/data_n/mcmodDemo/NekoJS/platforms/neoforge-1.21.1/build/moddev/artifacts/neoforge-21.1.227.jar%23177!/assets/.mcassetsroot' uses unexpected schema
[254月2026 19:58:24.665] [Render thread/WARN] [net.minecraft.server.packs.VanillaPackResourcesBuilder/]: Assets URL 'union:/mnt/data_n/mcmodDemo/NekoJS/platforms/neoforge-1.21.1/build/moddev/artifacts/neoforge-21.1.227.jar%23177!/data/.mcassetsroot' uses unexpected schema
[254月2026 19:58:24.678] [Render thread/INFO] [com.mojang.authlib.yggdrasil.YggdrasilAuthenticationService/]: Environment: Environment[sessionHost=https://sessionserver.mojang.com, servicesHost=https://api.minecraftservices.com, name=PROD]
[254月2026 19:58:24.682] [Render thread/INFO] [net.minecraft.client.Minecraft/]: Setting user: Dev
[254月2026 19:58:24.730] [Render thread/INFO] [net.minecraft.client.Minecraft/]: Backend library: LWJGL version 3.3.3+5
[254月2026 19:58:24.871] [modloading-worker-0/INFO] [net.neoforged.neoforge.common.NeoForgeMod/NEOFORGE-MOD]: NeoForge mod loading, version 21.1.227, for MC 1.21.1
[254月2026 19:58:24.876] [modloading-worker-0/INFO] [NekoJS/]: [NekoJS] Engine config loaded. Unsafe features enabled: false
[254月2026 19:58:24.877] [modloading-worker-0/INFO] [NekoJS/]: [NekoJS] Engine config loaded. Unsafe features enabled: false
[254月2026 19:58:24.903] [modloading-worker-0/INFO] [mezz.jei.library.load.PluginCaller/]: Sending ConfigManager...
[254月2026 19:58:24.905] [modloading-worker-0/INFO] [mezz.jei.library.load.PluginCaller/]: Sending ConfigManager took 1.351 milliseconds
[254月2026 19:58:25.681] [modloading-worker-0/INFO] [NekoJS/]: 正在为 STARTUP 注册 8 个事件组...
[254月2026 19:58:25.720] [modloading-worker-0/INFO] [NekoJS/]: [startup] 发现了 1 个 STARTUP 脚本。
[254月2026 19:58:25.728] [modloading-sync-worker/INFO] [NekoJS/]: 正在为 CLIENT 注册 8 个事件组...
[254月2026 19:58:25.733] [modloading-sync-worker/INFO] [NekoJS/]: [client] 发现了 1 个 CLIENT 脚本。
[254月2026 19:58:25.865] [NekoJS-Log-Flusher/INFO] [NekoJS/]: [startup] Hello, World! (Loaded startup example script)
[254月2026 19:58:25.866] [NekoJS-Log-Flusher/INFO] [NekoJS/]: [server] 发现了 1 个 SERVER 脚本。
[254月2026 19:58:25.866] [NekoJS-Log-Flusher/INFO] [NekoJS/]: [client] Hello, World! (Loaded client example script)
[254月2026 19:58:26.040] [Render thread/INFO] [net.neoforged.neoforge.gametest.GameTestHooks/]: Enabled Gametest Namespaces: [nekojs]
[254月2026 19:58:26.138] [Render thread/INFO] [net.minecraft.server.packs.resources.ReloadableResourceManager/]: Reloading ResourceManager: vanilla, mod_resources, mod/nekojs, mod/graalmc, mod/neoforge, mod/jei
[254月2026 19:58:26.182] [Worker-Main-1/INFO] [net.minecraft.client.gui.font.providers.UnihexProvider/]: Found unifont_all_no_pua-15.1.05.hex, loading
[254月2026 19:58:26.244] [Worker-Main-11/INFO] [net.minecraft.client.gui.font.providers.UnihexProvider/]: Found unifont_jp_patch-15.1.05.hex, loading
[254月2026 19:58:26.968] [Render thread/WARN] [net.minecraft.client.sounds.SoundEngine/]: Missing sound for event: minecraft:item.goat_horn.play
[254月2026 19:58:26.968] [Render thread/WARN] [net.minecraft.client.sounds.SoundEngine/]: Missing sound for event: minecraft:entity.goat.screaming.horn_break
[254月2026 19:58:27.004] [Render thread/INFO] [com.mojang.blaze3d.audio.Library/]: OpenAL initialized on device Built-in Audio Analog Stereo
[254月2026 19:58:27.005] [Render thread/INFO] [net.minecraft.client.sounds.SoundEngine/SOUNDS]: Sound engine started
[254月2026 19:58:27.083] [Render thread/INFO] [net.minecraft.client.renderer.texture.TextureAtlas/]: Created: 1024x512x4 minecraft:textures/atlas/blocks.png-atlas
[254月2026 19:58:27.088] [Render thread/INFO] [net.minecraft.client.renderer.texture.TextureAtlas/]: Created: 256x256x4 minecraft:textures/atlas/signs.png-atlas
[254月2026 19:58:27.088] [Render thread/INFO] [net.minecraft.client.renderer.texture.TextureAtlas/]: Created: 512x512x4 minecraft:textures/atlas/shield_patterns.png-atlas
[254月2026 19:58:27.089] [Render thread/INFO] [net.minecraft.client.renderer.texture.TextureAtlas/]: Created: 512x512x4 minecraft:textures/atlas/banner_patterns.png-atlas
[254月2026 19:58:27.089] [Render thread/INFO] [net.minecraft.client.renderer.texture.TextureAtlas/]: Created: 1024x1024x4 minecraft:textures/atlas/armor_trims.png-atlas
[254月2026 19:58:27.091] [Render thread/INFO] [net.minecraft.client.renderer.texture.TextureAtlas/]: Created: 256x256x4 minecraft:textures/atlas/chest.png-atlas
[254月2026 19:58:27.091] [Render thread/INFO] [net.minecraft.client.renderer.texture.TextureAtlas/]: Created: 128x64x4 minecraft:textures/atlas/decorated_pot.png-atlas
[254月2026 19:58:27.091] [Render thread/INFO] [net.minecraft.client.renderer.texture.TextureAtlas/]: Created: 512x256x4 minecraft:textures/atlas/beds.png-atlas
[254月2026 19:58:27.091] [Render thread/INFO] [net.minecraft.client.renderer.texture.TextureAtlas/]: Created: 512x256x4 minecraft:textures/atlas/shulker_boxes.png-atlas
[254月2026 19:58:27.202] [Render thread/INFO] [net.minecraft.client.renderer.texture.TextureAtlas/]: Created: 512x256x0 minecraft:textures/atlas/particles.png-atlas
[254月2026 19:58:27.202] [Render thread/INFO] [net.minecraft.client.renderer.texture.TextureAtlas/]: Created: 512x256x0 minecraft:textures/atlas/paintings.png-atlas
[254月2026 19:58:27.203] [Render thread/INFO] [net.minecraft.client.renderer.texture.TextureAtlas/]: Created: 256x128x0 minecraft:textures/atlas/mob_effects.png-atlas
[254月2026 19:58:27.203] [Render thread/INFO] [net.minecraft.client.renderer.texture.TextureAtlas/]: Created: 64x64x0 minecraft:textures/atlas/map_decorations.png-atlas
[254月2026 19:58:27.203] [Render thread/INFO] [net.minecraft.client.renderer.texture.TextureAtlas/]: Created: 1024x512x0 minecraft:textures/atlas/gui.png-atlas
[254月2026 19:58:27.224] [Render thread/WARN] [net.minecraft.client.renderer.ShaderInstance/]: Shader rendertype_entity_translucent_emissive could not find sampler named Sampler2 in the specified shader program.
[254月2026 19:58:27.255] [Render thread/INFO] [NekoJS/]: [client] 正在重载 CLIENT 脚本...
[254月2026 19:58:27.261] [Render thread/INFO] [NekoJS/]: 正在为 CLIENT 注册 8 个事件组...
[254月2026 19:58:27.266] [Render thread/INFO] [NekoJS/]: [client] 发现了 1 个 CLIENT 脚本。
[254月2026 19:58:27.266] [Render thread/INFO] [NekoJS/]: [client] Hello, World! (Loaded client example script)
[254月2026 19:58:27.267] [Render thread/INFO] [net.neoforged.neoforge.client.entity.animation.json.AnimationLoader/]: Loaded 0 entity animations
[254月2026 19:58:27.267] [Render thread/INFO] [net.minecraft.client.renderer.texture.TextureAtlas/]: Created: 256x256x0 jei:textures/atlas/gui.png-atlas
[254月2026 19:58:27.867] [NekoJS-Log-Flusher/INFO] [NekoJS/]: [client] CLIENT 脚本重载完毕。
[254月2026 19:58:31.441] [Worker-Main-10/INFO] [NekoJS/]: [server] 正在重载 SERVER 脚本...
[254月2026 19:58:31.446] [Worker-Main-10/INFO] [NekoJS/]: 正在为 SERVER 注册 8 个事件组...
[254月2026 19:58:31.454] [Worker-Main-10/INFO] [NekoJS/]: [server] 发现了 1 个 SERVER 脚本。
[254月2026 19:58:31.462] [Worker-Main-10/INFO] [NekoJS/]: [server] Hello, World! (Loaded server example script)
[254月2026 19:58:31.552] [Render thread/INFO] [net.minecraft.world.item.crafting.RecipeManager/]: Loaded 1290 recipes
[254月2026 19:58:31.630] [Render thread/INFO] [net.minecraft.advancements.AdvancementTree/]: Loaded 1399 advancements
[254月2026 19:58:31.865] [NekoJS-Log-Flusher/INFO] [NekoJS/]: [server] SERVER 脚本重载完毕。
[254月2026 19:58:31.998] [Server thread/INFO] [net.minecraft.client.server.IntegratedServer/]: Starting integrated minecraft server version 1.21.1
[254月2026 19:58:31.998] [Server thread/INFO] [net.minecraft.server.MinecraftServer/]: Generating keypair
[254月2026 19:58:32.884] [Server thread/INFO] [net.minecraft.server.MinecraftServer/]: Preparing start region for dimension minecraft:overworld
[254月2026 19:58:33.022] [progressListener/INFO] [net.minecraft.server.level.progress.LoggerChunkProgressListener/]: 准备生成区域中：0%
[254月2026 19:58:33.083] [Server thread/INFO] [net.neoforged.neoforge.server.permission.PermissionAPI/]: Successfully initialized permission handler neoforge:default_handler
[254月2026 19:58:33.091] [progressListener/INFO] [net.minecraft.server.level.progress.LoggerChunkProgressListener/]: Time elapsed: 202 ms
[254月2026 19:58:33.143] [Server thread/INFO] [net.minecraft.client.server.IntegratedServer/]: Changing view distance to 12, from 10
[254月2026 19:58:33.143] [Server thread/INFO] [net.minecraft.client.server.IntegratedServer/]: Changing simulation distance to 12, from 0
[254月2026 19:58:33.470] [Server thread/INFO] [net.minecraft.server.players.PlayerList/]: Dev[local:E:b640dc1a] logged in with entity id 45 at (-26.30000001192093, 126.0, -358.6207463728242)
[254月2026 19:58:33.500] [Server thread/INFO] [net.minecraft.server.MinecraftServer/]: Dev加入了游戏
[254月2026 19:58:33.618] [Render thread/INFO] [mezz.jei.core.util.LoggedTimer/]: Starting JEI...
[254月2026 19:58:33.623] [Render thread/INFO] [mezz.jei.library.load.PluginCaller/]: Registering item subtypes...
[254月2026 19:58:33.626] [Render thread/INFO] [mezz.jei.library.load.PluginCaller/]: Registering item subtypes took 2.489 milliseconds
[254月2026 19:58:33.626] [Render thread/INFO] [mezz.jei.library.load.PluginCaller/]: Registering fluid subtypes...
[254月2026 19:58:33.627] [Render thread/INFO] [mezz.jei.library.load.PluginCaller/]: Registering fluid subtypes took 850.3 microseconds
[254月2026 19:58:33.629] [Render thread/INFO] [mezz.jei.library.load.PluginCaller/]: Registering ingredients...
[254月2026 19:58:33.705] [Render thread/INFO] [mezz.jei.library.load.PluginCallerTimerRunnable/]: Registering ingredients: jei:minecraft took 76.02 milliseconds
[254月2026 19:58:33.705] [Render thread/INFO] [mezz.jei.library.load.PluginCaller/]: Registering ingredients took 76.62 milliseconds
[254月2026 19:58:33.706] [Render thread/INFO] [mezz.jei.library.load.PluginCaller/]: Registering extra ingredients...
[254月2026 19:58:33.706] [Render thread/INFO] [mezz.jei.library.load.PluginCaller/]: Registering extra ingredients took 534.6 microseconds
[254月2026 19:58:33.707] [Render thread/INFO] [mezz.jei.library.load.PluginCaller/]: Registering search ingredient aliases...
[254月2026 19:58:33.708] [Render thread/INFO] [mezz.jei.library.load.PluginCaller/]: Registering search ingredient aliases took 631.8 microseconds
[254月2026 19:58:33.719] [Render thread/INFO] [mezz.jei.library.load.PluginCaller/]: Registering Mod Info...
[254月2026 19:58:33.720] [Render thread/INFO] [mezz.jei.library.load.PluginCaller/]: Registering Mod Info took 461.7 microseconds
[254月2026 19:58:33.733] [Render thread/INFO] [mezz.jei.library.load.PluginCaller/]: Registering categories...
[254月2026 19:58:33.748] [Render thread/INFO] [mezz.jei.library.load.PluginCaller/]: Registering categories took 14.59 milliseconds
[254月2026 19:58:33.749] [Render thread/INFO] [mezz.jei.library.load.PluginCaller/]: Registering vanilla category extensions...
[254月2026 19:58:33.751] [Render thread/INFO] [mezz.jei.library.load.PluginCaller/]: Registering vanilla category extensions took 2.209 milliseconds
[254月2026 19:58:33.752] [Render thread/INFO] [mezz.jei.library.load.PluginCaller/]: Registering recipe catalysts...
[254月2026 19:58:33.753] [Render thread/INFO] [mezz.jei.library.load.PluginCaller/]: Registering recipe catalysts took 730.9 microseconds
[254月2026 19:58:33.753] [Render thread/INFO] [mezz.jei.core.util.LoggedTimer/]: Building recipe registry...
[254月2026 19:58:33.764] [Render thread/INFO] [mezz.jei.core.util.LoggedTimer/]: Building recipe registry took 10.59 milliseconds
[254月2026 19:58:33.765] [Render thread/INFO] [mezz.jei.library.load.PluginCaller/]: Registering advanced plugins...
[254月2026 19:58:33.766] [Render thread/INFO] [mezz.jei.library.load.PluginCaller/]: Registering advanced plugins took 505.6 microseconds
[254月2026 19:58:33.766] [Render thread/INFO] [mezz.jei.library.load.PluginCaller/]: Registering recipes...
[254月2026 19:58:33.885] [Render thread/INFO] [mezz.jei.library.load.PluginCallerTimerRunnable/]: Registering recipes: jei:minecraft took 118.5 milliseconds
[254月2026 19:58:33.911] [Render thread/INFO] [mezz.jei.library.load.PluginCallerTimerRunnable/]: Registering recipes: jei:internal took 25.90 milliseconds
[254月2026 19:58:33.912] [Render thread/INFO] [mezz.jei.library.load.PluginCaller/]: Registering recipes took 145.2 milliseconds
[254月2026 19:58:33.916] [Render thread/INFO] [mezz.jei.library.load.PluginCaller/]: Registering recipes transfer handlers...
[254月2026 19:58:33.919] [Render thread/INFO] [mezz.jei.library.load.PluginCaller/]: Registering recipes transfer handlers took 2.722 milliseconds
[254月2026 19:58:33.925] [Render thread/INFO] [mezz.jei.core.util.LoggedTimer/]: Building runtime...
[254月2026 19:58:33.929] [Render thread/INFO] [mezz.jei.library.load.PluginCaller/]: Registering gui handlers...
[254月2026 19:58:33.936] [Render thread/INFO] [mezz.jei.library.load.PluginCaller/]: Registering gui handlers took 6.394 milliseconds
[254月2026 19:58:33.938] [Render thread/INFO] [mezz.jei.library.load.PluginCaller/]: Registering Runtime...
[254月2026 19:58:33.941] [Render thread/INFO] [mezz.jei.gui.startup.JeiGuiStarter/]: Starting JEI GUI
[254月2026 19:58:33.941] [Render thread/INFO] [mezz.jei.core.util.LoggedTimer/]: Building ingredient list...
[254月2026 19:58:33.956] [Render thread/INFO] [mezz.jei.core.util.LoggedTimer/]: Building ingredient list took 15.11 milliseconds
[254月2026 19:58:33.957] [Render thread/INFO] [mezz.jei.core.util.LoggedTimer/]: Building ingredient filter...
[254月2026 19:58:33.981] [Render thread/INFO] [mezz.jei.gui.ingredients.IngredientFilter/]: Adding 1688 ingredients
[254月2026 19:58:34.086] [Render thread/INFO] [mezz.jei.gui.ingredients.IngredientFilter/]: Added 1688 ingredients
[254月2026 19:58:34.086] [Render thread/INFO] [mezz.jei.core.util.LoggedTimer/]: Building ingredient filter took 129.5 milliseconds
[254月2026 19:58:34.137] [Render thread/INFO] [mezz.jei.library.load.PluginCallerTimerRunnable/]: Registering Runtime: jei:neoforge_gui took 197.7 milliseconds
[254月2026 19:58:34.137] [Render thread/INFO] [mezz.jei.library.load.PluginCaller/]: Registering Runtime took 198.7 milliseconds
[254月2026 19:58:34.138] [Render thread/INFO] [mezz.jei.core.util.LoggedTimer/]: Building runtime took 212.6 milliseconds
[254月2026 19:58:34.138] [Render thread/INFO] [mezz.jei.library.load.PluginCaller/]: Sending Runtime...
[254月2026 19:58:34.138] [Render thread/INFO] [mezz.jei.library.load.PluginCaller/]: Sending Runtime took 484.0 microseconds
[254月2026 19:58:34.139] [Render thread/INFO] [mezz.jei.core.util.LoggedTimer/]: Starting JEI took 520.6 milliseconds
[254月2026 19:58:34.151] [Render thread/INFO] [net.minecraft.advancements.AdvancementTree/]: Loaded 2 advancements
[254月2026 19:59:08.734] [Server thread/INFO] [net.minecraft.client.server.IntegratedServer/]: Saving and pausing game...
[254月2026 19:59:08.752] [Server thread/INFO] [net.minecraft.server.MinecraftServer/]: Saving chunks for level 'ServerLevel[新的世界]'/minecraft:overworld
[254月2026 19:59:08.758] [Server thread/INFO] [net.minecraft.server.MinecraftServer/]: Saving chunks for level 'ServerLevel[新的世界]'/minecraft:the_end
[254月2026 19:59:08.759] [Server thread/INFO] [net.minecraft.server.MinecraftServer/]: Saving chunks for level 'ServerLevel[新的世界]'/minecraft:the_nether
[254月2026 19:59:09.465] [Render thread/INFO] [mezz.jei.library.startup.JeiStarter/]: Stopping JEI
[254月2026 19:59:09.465] [Render thread/INFO] [mezz.jei.library.load.PluginCaller/]: Sending Runtime Unavailable...
[254月2026 19:59:09.465] [Render thread/INFO] [mezz.jei.neoforge.plugins.neoforge.NeoForgeGuiPlugin/]: Stopping JEI GUI
[254月2026 19:59:09.466] [Render thread/INFO] [mezz.jei.library.load.PluginCaller/]: Sending Runtime Unavailable took 1.401 milliseconds
[254月2026 19:59:09.488] [Server thread/INFO] [net.minecraft.server.network.ServerGamePacketListenerImpl/]: Dev lost connection: 连接中断
[254月2026 19:59:09.488] [Server thread/INFO] [net.minecraft.server.MinecraftServer/]: Dev退出了游戏
[254月2026 19:59:09.504] [Server thread/INFO] [net.minecraft.server.network.ServerCommonPacketListenerImpl/]: Stopping singleplayer server as player logged out
[254月2026 19:59:09.536] [Server thread/INFO] [net.minecraft.server.MinecraftServer/]: Stopping server
[254月2026 19:59:09.536] [Server thread/INFO] [net.minecraft.server.MinecraftServer/]: Saving players
[254月2026 19:59:09.536] [Server thread/INFO] [net.minecraft.server.MinecraftServer/]: Saving worlds
[254月2026 19:59:09.781] [Server thread/INFO] [net.minecraft.server.MinecraftServer/]: Saving chunks for level 'ServerLevel[新的世界]'/minecraft:overworld
[254月2026 19:59:10.012] [Server thread/INFO] [net.minecraft.server.MinecraftServer/]: Saving chunks for level 'ServerLevel[新的世界]'/minecraft:the_end
[254月2026 19:59:10.014] [Server thread/INFO] [net.minecraft.server.MinecraftServer/]: Saving chunks for level 'ServerLevel[新的世界]'/minecraft:the_nether
[254月2026 19:59:10.021] [Server thread/INFO] [net.minecraft.server.MinecraftServer/]: ThreadedAnvilChunkStorage (新的世界): All chunks are saved
[254月2026 19:59:10.021] [Server thread/INFO] [net.minecraft.server.MinecraftServer/]: ThreadedAnvilChunkStorage (DIM1): All chunks are saved
[254月2026 19:59:10.021] [Server thread/INFO] [net.minecraft.server.MinecraftServer/]: ThreadedAnvilChunkStorage (DIM-1): All chunks are saved
[254月2026 19:59:10.021] [Server thread/INFO] [net.minecraft.server.MinecraftServer/]: ThreadedAnvilChunkStorage: All dimensions are saved
[254月2026 19:59:10.572] [Render thread/INFO] [net.minecraft.client.Minecraft/]: Stopping!
