[224月2026 00:36:30.240] [main/INFO] [net.neoforged.fml.startup.Entrypoint/]: JVM Uptime at startup: 49ms
[224月2026 00:36:30.255] [main/INFO] [net.neoforged.fml.loading.FMLLoader/]: Starting FancyModLoader version 11.0.5 (CLIENT in DEV)
[224月2026 00:36:30.255] [main/INFO] [net.neoforged.fml.loading.FMLLoader/]: Game directory: /mnt/data_n/mcmodDemo/NekoJS/platforms/neoforge-26.1/run
[224月2026 00:36:30.285] [main/INFO] [net.neoforged.fml.loading.EarlyServiceDiscovery/]: Found 2 early service jars (out of 96) in 10ms
[224月2026 00:36:30.285] [main/INFO] [net.neoforged.fml.loading.FMLLoader/]: Loading FML Early Services:
[224月2026 00:36:30.286] [main/INFO] [net.neoforged.fml.loading.FMLLoader/]:  - /home/tkisor/.gradle/caches/modules-2/files-2.1/net.neoforged.fancymodloader/earlydisplay/11.0.5/b2edeab4008c91772d61f8f98a5253a09a4e890d/earlydisplay-11.0.5.jar
[224月2026 00:36:30.286] [main/INFO] [net.neoforged.fml.loading.FMLLoader/]:  - /home/tkisor/.gradle/caches/modules-2/files-2.1/net.neoforged.fancymodloader/loader/11.0.5/3477e70d79fe8cd06962749f24e64f01edda3bb3/loader-11.0.5.jar
[224月2026 00:36:30.289] [main/INFO] [net.neoforged.fml.loading.ImmediateWindowHandler/]: Loading ImmediateWindowProvider fmlearlywindow
[224月2026 00:36:30.658] [ForkJoinPool.commonPool-worker-16/INFO] [net.neoforged.fml.loading.moddiscovery.locators.GameLocator/]: Detected a joined NeoForge and Minecraft configuration. Applying filtering...
[224月2026 00:36:30.708] [ForkJoinPool.commonPool-worker-16/INFO] [net.neoforged.fml.loading.moddiscovery.locators.InDevFolderLocator/CORE]: Got mod coordinates nekojs%%/mnt/data_n/mcmodDemo/NekoJS/platforms/neoforge-26.1/build/classes/java/main:nekojs%%/mnt/data_n/mcmodDemo/NekoJS/platforms/neoforge-26.1/build/resources/main from env
[224月2026 00:36:30.718] [fml-loadingscreen/INFO] [net.neoforged.fml.earlydisplay.render.LoadingScreenRenderer/]: GL info: NVIDIA GeForce RTX 3060 Laptop GPU/PCIe/SSE2 GL version 3.3.0 NVIDIA 595.58.03, NVIDIA Corporation
[224月2026 00:36:30.779] [ForkJoinPool.commonPool-worker-16/INFO] [net.neoforged.fml.loading.moddiscovery.locators.JarInJarDependencyLocator/]: Found 2 dependencies adding them to mods collection
[224月2026 00:36:30.780] [ForkJoinPool.commonPool-worker-16/INFO] [net.neoforged.fml.loading.moddiscovery.ModDiscoverer/]: 
     Mod List:
		Name Version (Mod Id)

		GraalMC 25.0.2.2 (graalmc)
		Just Enough Items 29.5.0.26 (jei)
		Minecraft 26.1.2 (minecraft)
		NekoJS 1.0.7 (nekojs)
		NeoForge 26.1.2.10-beta (neoforge)
[224月2026 00:36:30.926] [main/INFO] [mixin/]: SpongePowered MIXIN Subsystem Version=0.8.7 Source=file:/home/tkisor/.gradle/caches/modules-2/files-2.1/net.fabricmc/sponge-mixin/0.17.0+mixin.0.8.7/cf31463202f72d03b0ef1e1e38e8ee71b7faaab6/sponge-mixin-0.17.0+mixin.0.8.7.jar Service=FML Env=CLIENT
[224月2026 00:36:30.943] [main/INFO] [net.neoforged.fml.loading.FMLLoader/]: Loading FML Plugins:
[224月2026 00:36:30.943] [main/INFO] [net.neoforged.fml.loading.FMLLoader/]:  - /home/tkisor/.gradle/caches/modules-2/files-2.1/net.neoforged/neoforge/26.1.2.10-beta/3eb60d9071c91c74267d658873715ee18f960f05/neoforge-26.1.2.10-beta-universal.jar > net.neoforged.neoforge-coremods-26.1.2.10-beta.jar
[224月2026 00:36:31.001] [main/INFO] [net.neoforged.fml.loading.FMLLoader/]: Building game content classloader:
 - graalmc (jar(/home/tkisor/.gradle/caches/modules-2/files-2.1/curse.maven/graal-1504336/7951071/d0c1e8bb080660c518067b1ab44d9c681bb41d1d/graal-1504336-7951071.jar))
 - jei (jar(/home/tkisor/.gradle/caches/modules-2/files-2.1/curse.maven/jei-238222/7920926/3341cfa3b1139c3a5793df3fb05ff2a4001e3b69/jei-238222-7920926.jar))
 - minecraft (composite(filtered(jar(/mnt/data_n/mcmodDemo/NekoJS/platforms/neoforge-26.1/build/moddev/artifacts/minecraft-patched-26.1.2.10-beta.jar)), filtered(jar(/mnt/data_n/mcmodDemo/NekoJS/platforms/neoforge-26.1/build/moddev/artifacts/minecraft-patched-26.1.2.10-beta.jar))))
 - mixinextras.neoforge (jar(/home/tkisor/.gradle/caches/modules-2/files-2.1/net.neoforged/neoforge/26.1.2.10-beta/3eb60d9071c91c74267d658873715ee18f960f05/neoforge-26.1.2.10-beta-universal.jar > mixinextras-neoforge-0.5.3.jar))
 - nekojs (composite(folder(/mnt/data_n/mcmodDemo/NekoJS/platforms/neoforge-26.1/build/classes/java/main), folder(/mnt/data_n/mcmodDemo/NekoJS/platforms/neoforge-26.1/build/resources/main)))
 - neoforge (composite(filtered(jar(/home/tkisor/.gradle/caches/modules-2/files-2.1/net.neoforged/neoforge/26.1.2.10-beta/3eb60d9071c91c74267d658873715ee18f960f05/neoforge-26.1.2.10-beta-universal.jar))))
 - net.neoforged.fml.generated (empty(VirtualJar/net.neoforged.fml.generated))
[224月2026 00:36:31.010] [main/INFO] [net.neoforged.fml.loading.FMLLoader/]: Built game content classloader in 14ms
[224月2026 00:36:31.312] [main/INFO] [MixinExtras|Service/]: Initializing MixinExtras via com.llamalad7.mixinextras.service.MixinExtrasServiceImpl(version=0.5.3).
[224月2026 00:36:31.828] [Datafixer Bootstrap/INFO] [com.mojang.datafixers.DataFixerBuilder/]: 294 Datafixer optimizations took 172 milliseconds
[224月2026 00:36:34.545] [main/WARN] [net.minecraft.commands.Commands/]: Ambiguity between arguments [teleport, location] and [teleport, destination] with inputs: [0.1 -0.5 .9, 0 0 0]
[224月2026 00:36:34.546] [main/WARN] [net.minecraft.commands.Commands/]: Ambiguity between arguments [teleport, location] and [teleport, targets] with inputs: [0.1 -0.5 .9, 0 0 0]
[224月2026 00:36:34.548] [main/WARN] [net.minecraft.commands.Commands/]: Ambiguity between arguments [teleport, destination] and [teleport, targets] with inputs: [Player, 0123, @e, dd12be42-52a9-4a91-a8a1-11c01849e498]
[224月2026 00:36:34.549] [main/WARN] [net.minecraft.commands.Commands/]: Ambiguity between arguments [teleport, targets] and [teleport, destination] with inputs: [Player, 0123, dd12be42-52a9-4a91-a8a1-11c01849e498]
[224月2026 00:36:34.549] [main/WARN] [net.minecraft.commands.Commands/]: Ambiguity between arguments [teleport, targets, location] and [teleport, targets, destination] with inputs: [0.1 -0.5 .9, 0 0 0]
[224月2026 00:36:34.550] [main/WARN] [net.minecraft.commands.Commands/]: Ambiguity between arguments [time, set, time] and [time, set, timemarker] with inputs: [0, 0s, 0d, 0t]
[224月2026 00:36:34.551] [main/WARN] [net.minecraft.commands.Commands/]: Ambiguity between arguments [time, set, timemarker] and [time, set, time] with inputs: [012]
[224月2026 00:36:34.552] [main/WARN] [net.minecraft.commands.Commands/]: Ambiguity between arguments [time, of, clock, set, time] and [time, of, clock, set, timemarker] with inputs: [0, 0s, 0d, 0t]
[224月2026 00:36:34.553] [main/WARN] [net.minecraft.commands.Commands/]: Ambiguity between arguments [time, of, clock, set, timemarker] and [time, of, clock, set, time] with inputs: [012]
[224月2026 00:36:34.554] [main/WARN] [net.minecraft.commands.Commands/]: Ambiguity between arguments [waypoint, modify, waypoint, color, reset] and [waypoint, modify, waypoint, color, color] with inputs: [reset]
[224月2026 00:36:34.597] [modloading-worker-0/INFO] [net.neoforged.neoforge.common.NeoForgeMod/NEOFORGE-MOD]: NeoForge mod loading, version 26.1.2.10-beta, for MC 26.1.2
[224月2026 00:36:34.602] [modloading-worker-0/INFO] [NekoJS/]: [NekoJS] Engine config loaded. Unsafe features enabled: false
[224月2026 00:36:34.603] [modloading-worker-0/INFO] [NekoJS/]: [NekoJS] Engine config loaded. Unsafe features enabled: false
[224月2026 00:36:34.640] [modloading-worker-0/INFO] [mezz.jei.library.load.PluginCaller/]: Sending ConfigManager...
[224月2026 00:36:34.641] [modloading-worker-0/INFO] [mezz.jei.library.load.PluginCaller/]: Sending ConfigManager took 1.007 milliseconds
[224月2026 00:36:35.285] [modloading-worker-0/INFO] [NekoJS/]: 正在为 STARTUP 注册 8 个事件组...
[224月2026 00:36:35.335] [modloading-worker-0/INFO] [NekoJS/]: [startup] 发现了 1 个 STARTUP 脚本。
[224月2026 00:36:35.346] [modloading-sync-worker/INFO] [NekoJS/]: 正在为 CLIENT 注册 8 个事件组...
[224月2026 00:36:35.351] [modloading-sync-worker/INFO] [NekoJS/]: [client] 发现了 1 个 CLIENT 脚本。
[224月2026 00:36:35.537] [Render thread/INFO] [com.mojang.authlib.yggdrasil.YggdrasilAuthenticationService/]: Environment: Environment[sessionHost=https://sessionserver.mojang.com, servicesHost=https://api.minecraftservices.com, profilesHost=https://api.mojang.com, name=PROD]
[224月2026 00:36:35.544] [Render thread/INFO] [net.minecraft.client.Minecraft/]: Setting user: Dev
[224月2026 00:36:35.615] [Render thread/INFO] [net.minecraft.client.Minecraft/]: Backend library: LWJGL version 3.4.1+2
[224月2026 00:36:35.616] [NekoJS-Log-Flusher/INFO] [NekoJS/]: [startup] Hello, World! (Loaded startup example script)
[224月2026 00:36:35.617] [NekoJS-Log-Flusher/INFO] [NekoJS/]: [server] 发现了 1 个 SERVER 脚本。
[224月2026 00:36:35.617] [NekoJS-Log-Flusher/INFO] [NekoJS/]: [client] Hello, World! (Loaded client example script)
[224月2026 00:36:35.983] [Render thread/INFO] [net.minecraft.client.Minecraft/]: Using optional rendering extensions: GL_ARB_buffer_storage, GL_KHR_debug, GL_ARB_vertex_attrib_binding, GL_ARB_direct_state_access, GL_EXT_texture_filter_anisotropic
[224月2026 00:36:36.399] [Render thread/INFO] [net.minecraft.server.packs.resources.ReloadableResourceManager/]: Reloading ResourceManager: vanilla, mod_resources, mod/nekojs, mod/graalmc, mod/neoforge, mod/jei
[224月2026 00:36:36.663] [resourceLoad/INFO] [net.minecraft.client.gui.font.providers.UnihexProvider/]: Found unifont_all_no_pua-17.0.01.hex, loading
[224月2026 00:36:36.676] [resourceLoad/INFO] [net.minecraft.client.gui.font.providers.UnihexProvider/]: Found unifont_pua-17.0.01.hex, loading
[224月2026 00:36:36.789] [resourceLoad/INFO] [net.minecraft.client.gui.font.providers.UnihexProvider/]: Found unifont_jp_patch-17.0.01.hex, loading
[224月2026 00:36:43.984] [Render thread/WARN] [com.mojang.blaze3d.opengl.GlProgram/]: neoforge:pipeline/item_translucent_unlit shader program does not use sampler Sampler2 defined in the pipeline. This might be a bug.
[224月2026 00:36:43.994] [Render thread/WARN] [com.mojang.blaze3d.opengl.GlProgram/]: neoforge:pipeline/item_cutout_unlit shader program does not use sampler Sampler2 defined in the pipeline. This might be a bug.
[224月2026 00:36:44.014] [Render thread/INFO] [com.mojang.blaze3d.audio.Library/]: OpenAL initialized on device Built-in Audio Analog Stereo
[224月2026 00:36:44.015] [Render thread/INFO] [net.minecraft.client.sounds.SoundEngine/SOUNDS]: Sound engine started
[224月2026 00:36:44.015] [Render thread/INFO] [net.minecraft.client.renderer.texture.TextureAtlas/]: Created: 512x256x0 minecraft:textures/atlas/particles.png-atlas
[224月2026 00:36:44.025] [Render thread/INFO] [net.minecraft.client.renderer.texture.TextureAtlas/]: Created: 128x128x0 minecraft:textures/atlas/decorated_pot.png-atlas
[224月2026 00:36:44.026] [Render thread/INFO] [net.minecraft.client.renderer.texture.TextureAtlas/]: Created: 2048x1024x0 minecraft:textures/atlas/armor_trims.png-atlas
[224月2026 00:36:44.040] [Render thread/INFO] [net.minecraft.client.renderer.texture.TextureAtlas/]: Created: 512x256x0 minecraft:textures/atlas/paintings.png-atlas
[224月2026 00:36:44.057] [Render thread/INFO] [net.minecraft.client.renderer.texture.TextureAtlas/]: Created: 1024x512x0 minecraft:textures/atlas/shield_patterns.png-atlas
[224月2026 00:36:44.059] [Render thread/INFO] [net.minecraft.client.renderer.texture.TextureAtlas/]: Created: 2048x2048x4 minecraft:textures/atlas/blocks.png-atlas
[224月2026 00:36:44.100] [Render thread/INFO] [net.minecraft.client.renderer.texture.TextureAtlas/]: Created: 512x512x0 minecraft:textures/atlas/chest.png-atlas
[224月2026 00:36:44.113] [Render thread/INFO] [net.minecraft.client.renderer.texture.TextureAtlas/]: Created: 256x128x0 minecraft:textures/atlas/celestials.png-atlas
[224月2026 00:36:44.127] [Render thread/INFO] [net.minecraft.client.renderer.texture.TextureAtlas/]: Created: 1024x512x0 minecraft:textures/atlas/banner_patterns.png-atlas
[224月2026 00:36:44.128] [Render thread/INFO] [net.minecraft.client.renderer.texture.TextureAtlas/]: Created: 512x512x0 minecraft:textures/atlas/beds.png-atlas
[224月2026 00:36:44.131] [Render thread/INFO] [net.minecraft.client.renderer.texture.TextureAtlas/]: Created: 1024x512x0 minecraft:textures/atlas/items.png-atlas
[224月2026 00:36:44.142] [Render thread/INFO] [net.minecraft.client.renderer.texture.TextureAtlas/]: Created: 1024x1024x0 minecraft:textures/atlas/gui.png-atlas
[224月2026 00:36:44.159] [Render thread/INFO] [net.minecraft.client.renderer.texture.TextureAtlas/]: Created: 128x64x0 minecraft:textures/atlas/map_decorations.png-atlas
[224月2026 00:36:44.174] [Render thread/INFO] [net.minecraft.client.renderer.texture.TextureAtlas/]: Created: 512x256x0 minecraft:textures/atlas/signs.png-atlas
[224月2026 00:36:44.175] [Render thread/INFO] [net.minecraft.client.renderer.texture.TextureAtlas/]: Created: 512x512x0 minecraft:textures/atlas/shulker_boxes.png-atlas
[224月2026 00:36:44.246] [Render thread/INFO] [net.neoforged.neoforge.client.entity.animation.json.AnimationLoader/]: Loaded 0 entity animations
[224月2026 00:36:44.337] [Render thread/INFO] [NekoJS/]: [client] 正在重载 CLIENT 脚本...
[224月2026 00:36:44.342] [Render thread/INFO] [NekoJS/]: 正在为 CLIENT 注册 8 个事件组...
[224月2026 00:36:44.346] [Render thread/INFO] [NekoJS/]: [client] 发现了 1 个 CLIENT 脚本。
[224月2026 00:36:44.346] [Render thread/INFO] [NekoJS/]: [client] Hello, World! (Loaded client example script)
[224月2026 00:36:44.346] [Render thread/INFO] [net.minecraft.client.renderer.texture.TextureAtlas/]: Created: 256x256x0 jei:textures/atlas/gui.png-atlas
[224月2026 00:36:44.610] [NekoJS-Log-Flusher/INFO] [NekoJS/]: [client] CLIENT 脚本重载完毕。
[224月2026 00:36:56.260] [Render thread/INFO] [net.minecraft.client.Minecraft/]: Stopping!
